
EnvironmentNameNotFound: Could not find conda environment: rscd
You can list all discoverable environments with `conda info --envs`.


Obtaining file:///scratch/ds5725/alvpr/Robust-Scene-Change-Detection/grounding_dino
  Preparing metadata (setup.py): started
  Preparing metadata (setup.py): still running...
  Preparing metadata (setup.py): finished with status 'done'
Installing collected packages: groundingdino
  DEPRECATION: Legacy editable install of groundingdino==0.1.0 from file:///scratch/ds5725/alvpr/Robust-Scene-Change-Detection/grounding_dino (setup.py develop) is deprecated. pip 25.0 will enforce this behaviour change. A possible replacement is to add a pyproject.toml or enable --use-pep517, and use setuptools >= 64. If the resulting installation is not behaving as expected, try using --config-settings editable_mode=compat. Please consult the setuptools documentation for more information. Discussion can be found at https://github.com/pypa/pip/issues/11457
  Running setup.py develop for groundingdino
    error: subprocess-exited-with-error
    
    × python setup.py develop did not run successfully.
    │ exit code: 1
    ╰─> [80 lines of output]
        /ext3/miniconda3/lib/python3.12/site-packages/torch/_subclasses/functional_tensor.py:275: UserWarning: Failed to initialize NumPy: No module named 'numpy' (Triggered internally at /pytorch/torch/csrc/utils/tensor_numpy.cpp:81.)
          cpu = _conversion_method_template(device=torch.device("cpu"))
        Building wheel groundingdino-0.1.0
        Compiling with CUDA
        running develop
        /ext3/miniconda3/lib/python3.12/site-packages/setuptools/command/develop.py:42: EasyInstallDeprecationWarning: easy_install command is deprecated.
        !!
        
                ********************************************************************************
                Please avoid running ``setup.py`` and ``easy_install``.
                Instead, use pypa/build, pypa/installer or other
                standards-based tools.
        
                See https://github.com/pypa/setuptools/issues/917 for details.
                ********************************************************************************
        
        !!
          easy_install.initialize_options(self)
        /ext3/miniconda3/lib/python3.12/site-packages/setuptools/_distutils/cmd.py:66: SetuptoolsDeprecationWarning: setup.py install is deprecated.
        !!
        
                ********************************************************************************
                Please avoid running ``setup.py`` directly.
                Instead, use pypa/build, pypa/installer or other
                standards-based tools.
        
                See https://blog.ganssle.io/articles/2021/10/setup-py-deprecated.html for details.
                ********************************************************************************
        
        !!
          self.initialize_options()
        running egg_info
        writing groundingdino.egg-info/PKG-INFO
        writing dependency_links to groundingdino.egg-info/dependency_links.txt
        writing top-level names to groundingdino.egg-info/top_level.txt
        reading manifest file 'groundingdino.egg-info/SOURCES.txt'
        adding license file 'LICENSE'
        writing manifest file 'groundingdino.egg-info/SOURCES.txt'
        running build_ext
        Traceback (most recent call last):
          File "<string>", line 2, in <module>
          File "<pip-setuptools-caller>", line 34, in <module>
          File "/scratch/ds5725/alvpr/Robust-Scene-Change-Detection/grounding_dino/setup.py", line 208, in <module>
            setup(
          File "/ext3/miniconda3/lib/python3.12/site-packages/setuptools/__init__.py", line 108, in setup
            return distutils.core.setup(**attrs)
                   ^^^^^^^^^^^^^^^^^^^^^^^^^^^^^
          File "/ext3/miniconda3/lib/python3.12/site-packages/setuptools/_distutils/core.py", line 184, in setup
            return run_commands(dist)
                   ^^^^^^^^^^^^^^^^^^
          File "/ext3/miniconda3/lib/python3.12/site-packages/setuptools/_distutils/core.py", line 200, in run_commands
            dist.run_commands()
          File "/ext3/miniconda3/lib/python3.12/site-packages/setuptools/_distutils/dist.py", line 970, in run_commands
            self.run_command(cmd)
          File "/ext3/miniconda3/lib/python3.12/site-packages/setuptools/dist.py", line 945, in run_command
            super().run_command(command)
          File "/ext3/miniconda3/lib/python3.12/site-packages/setuptools/_distutils/dist.py", line 989, in run_command
            cmd_obj.run()
          File "/ext3/miniconda3/lib/python3.12/site-packages/setuptools/command/develop.py", line 36, in run
            self.install_for_development()
          File "/ext3/miniconda3/lib/python3.12/site-packages/setuptools/command/develop.py", line 113, in install_for_development
            self.run_command('build_ext')
          File "/ext3/miniconda3/lib/python3.12/site-packages/setuptools/_distutils/cmd.py", line 316, in run_command
            self.distribution.run_command(command)
          File "/ext3/miniconda3/lib/python3.12/site-packages/setuptools/dist.py", line 945, in run_command
            super().run_command(command)
          File "/ext3/miniconda3/lib/python3.12/site-packages/setuptools/_distutils/dist.py", line 989, in run_command
            cmd_obj.run()
          File "/ext3/miniconda3/lib/python3.12/site-packages/setuptools/command/build_ext.py", line 93, in run
            _build_ext.run(self)
          File "/ext3/miniconda3/lib/python3.12/site-packages/setuptools/_distutils/command/build_ext.py", line 359, in run
            self.build_extensions()
          File "/ext3/miniconda3/lib/python3.12/site-packages/torch/utils/cpp_extension.py", line 552, in build_extensions
            _check_cuda_version(compiler_name, compiler_version)
          File "/ext3/miniconda3/lib/python3.12/site-packages/torch/utils/cpp_extension.py", line 447, in _check_cuda_version
            raise RuntimeError(CUDA_MISMATCH_MESSAGE.format(cuda_str_version, torch.version.cuda))
        RuntimeError:
        The detected CUDA version (11.7) mismatches the version that was used to compile
        PyTorch (12.4). Please make sure to use the same CUDA versions.
        
        [end of output]
    
    note: This error originates from a subprocess, and is likely not a problem with pip.
error: subprocess-exited-with-error

× python setup.py develop did not run successfully.
│ exit code: 1
╰─> [80 lines of output]
    /ext3/miniconda3/lib/python3.12/site-packages/torch/_subclasses/functional_tensor.py:275: UserWarning: Failed to initialize NumPy: No module named 'numpy' (Triggered internally at /pytorch/torch/csrc/utils/tensor_numpy.cpp:81.)
      cpu = _conversion_method_template(device=torch.device("cpu"))
    Building wheel groundingdino-0.1.0
    Compiling with CUDA
    running develop
    /ext3/miniconda3/lib/python3.12/site-packages/setuptools/command/develop.py:42: EasyInstallDeprecationWarning: easy_install command is deprecated.
    !!
    
            ********************************************************************************
            Please avoid running ``setup.py`` and ``easy_install``.
            Instead, use pypa/build, pypa/installer or other
            standards-based tools.
    
            See https://github.com/pypa/setuptools/issues/917 for details.
            ********************************************************************************
    
    !!
      easy_install.initialize_options(self)
    /ext3/miniconda3/lib/python3.12/site-packages/setuptools/_distutils/cmd.py:66: SetuptoolsDeprecationWarning: setup.py install is deprecated.
    !!
    
            ********************************************************************************
            Please avoid running ``setup.py`` directly.
            Instead, use pypa/build, pypa/installer or other
            standards-based tools.
    
            See https://blog.ganssle.io/articles/2021/10/setup-py-deprecated.html for details.
            ********************************************************************************
    
    !!
      self.initialize_options()
    running egg_info
    writing groundingdino.egg-info/PKG-INFO
    writing dependency_links to groundingdino.egg-info/dependency_links.txt
    writing top-level names to groundingdino.egg-info/top_level.txt
    reading manifest file 'groundingdino.egg-info/SOURCES.txt'
    adding license file 'LICENSE'
    writing manifest file 'groundingdino.egg-info/SOURCES.txt'
    running build_ext
    Traceback (most recent call last):
      File "<string>", line 2, in <module>
      File "<pip-setuptools-caller>", line 34, in <module>
      File "/scratch/ds5725/alvpr/Robust-Scene-Change-Detection/grounding_dino/setup.py", line 208, in <module>
        setup(
      File "/ext3/miniconda3/lib/python3.12/site-packages/setuptools/__init__.py", line 108, in setup
        return distutils.core.setup(**attrs)
               ^^^^^^^^^^^^^^^^^^^^^^^^^^^^^
      File "/ext3/miniconda3/lib/python3.12/site-packages/setuptools/_distutils/core.py", line 184, in setup
        return run_commands(dist)
               ^^^^^^^^^^^^^^^^^^
      File "/ext3/miniconda3/lib/python3.12/site-packages/setuptools/_distutils/core.py", line 200, in run_commands
        dist.run_commands()
      File "/ext3/miniconda3/lib/python3.12/site-packages/setuptools/_distutils/dist.py", line 970, in run_commands
        self.run_command(cmd)
      File "/ext3/miniconda3/lib/python3.12/site-packages/setuptools/dist.py", line 945, in run_command
        super().run_command(command)
      File "/ext3/miniconda3/lib/python3.12/site-packages/setuptools/_distutils/dist.py", line 989, in run_command
        cmd_obj.run()
      File "/ext3/miniconda3/lib/python3.12/site-packages/setuptools/command/develop.py", line 36, in run
        self.install_for_development()
      File "/ext3/miniconda3/lib/python3.12/site-packages/setuptools/command/develop.py", line 113, in install_for_development
        self.run_command('build_ext')
      File "/ext3/miniconda3/lib/python3.12/site-packages/setuptools/_distutils/cmd.py", line 316, in run_command
        self.distribution.run_command(command)
      File "/ext3/miniconda3/lib/python3.12/site-packages/setuptools/dist.py", line 945, in run_command
        super().run_command(command)
      File "/ext3/miniconda3/lib/python3.12/site-packages/setuptools/_distutils/dist.py", line 989, in run_command
        cmd_obj.run()
      File "/ext3/miniconda3/lib/python3.12/site-packages/setuptools/command/build_ext.py", line 93, in run
        _build_ext.run(self)
      File "/ext3/miniconda3/lib/python3.12/site-packages/setuptools/_distutils/command/build_ext.py", line 359, in run
        self.build_extensions()
      File "/ext3/miniconda3/lib/python3.12/site-packages/torch/utils/cpp_extension.py", line 552, in build_extensions
        _check_cuda_version(compiler_name, compiler_version)
      File "/ext3/miniconda3/lib/python3.12/site-packages/torch/utils/cpp_extension.py", line 447, in _check_cuda_version
        raise RuntimeError(CUDA_MISMATCH_MESSAGE.format(cuda_str_version, torch.version.cuda))
    RuntimeError:
    The detected CUDA version (11.7) mismatches the version that was used to compile
    PyTorch (12.4). Please make sure to use the same CUDA versions.
    
    [end of output]

note: This error originates from a subprocess, and is likely not a problem with pip.
Requirement already satisfied: torch in /ext3/miniconda3/lib/python3.12/site-packages (from -r requirements.txt (line 1)) (2.6.0)
Collecting torchvision (from -r requirements.txt (line 2))
  Downloading torchvision-0.21.0-cp312-cp312-manylinux1_x86_64.whl.metadata (6.1 kB)
Collecting transformers==4.30.2 (from -r requirements.txt (line 3))
  Downloading transformers-4.30.2-py3-none-any.whl.metadata (113 kB)
Collecting addict (from -r requirements.txt (line 4))
  Downloading addict-2.4.0-py3-none-any.whl.metadata (1.0 kB)
Collecting yapf (from -r requirements.txt (line 5))
  Downloading yapf-0.43.0-py3-none-any.whl.metadata (46 kB)
Collecting timm (from -r requirements.txt (line 6))
  Downloading timm-1.0.15-py3-none-any.whl.metadata (52 kB)
Collecting numpy (from -r requirements.txt (line 7))
  Downloading numpy-2.2.5-cp312-cp312-manylinux_2_17_x86_64.manylinux2014_x86_64.whl.metadata (62 kB)
Collecting opencv-python (from -r requirements.txt (line 8))
  Downloading opencv_python-4.11.0.86-cp37-abi3-manylinux_2_17_x86_64.manylinux2014_x86_64.whl.metadata (20 kB)
Collecting supervision>=0.22.0 (from -r requirements.txt (line 9))
  Downloading supervision-0.25.1-py3-none-any.whl.metadata (14 kB)
Collecting pycocotools (from -r requirements.txt (line 10))
  Downloading pycocotools-2.0.8-cp312-cp312-manylinux_2_17_x86_64.manylinux2014_x86_64.whl.metadata (1.1 kB)
Requirement already satisfied: filelock in /ext3/miniconda3/lib/python3.12/site-packages (from transformers==4.30.2->-r requirements.txt (line 3)) (3.18.0)
Collecting huggingface-hub<1.0,>=0.14.1 (from transformers==4.30.2->-r requirements.txt (line 3))
  Downloading huggingface_hub-0.30.2-py3-none-any.whl.metadata (13 kB)
Requirement already satisfied: packaging>=20.0 in /ext3/miniconda3/lib/python3.12/site-packages (from transformers==4.30.2->-r requirements.txt (line 3)) (24.1)
Collecting pyyaml>=5.1 (from transformers==4.30.2->-r requirements.txt (line 3))
  Downloading PyYAML-6.0.2-cp312-cp312-manylinux_2_17_x86_64.manylinux2014_x86_64.whl.metadata (2.1 kB)
Collecting regex!=2019.12.17 (from transformers==4.30.2->-r requirements.txt (line 3))
  Downloading regex-2024.11.6-cp312-cp312-manylinux_2_17_x86_64.manylinux2014_x86_64.whl.metadata (40 kB)
Requirement already satisfied: requests in /ext3/miniconda3/lib/python3.12/site-packages (from transformers==4.30.2->-r requirements.txt (line 3)) (2.32.3)
Collecting tokenizers!=0.11.3,<0.14,>=0.11.1 (from transformers==4.30.2->-r requirements.txt (line 3))
  Downloading tokenizers-0.13.3.tar.gz (314 kB)
  Installing build dependencies: started
  Installing build dependencies: finished with status 'done'
  Getting requirements to build wheel: started
  Getting requirements to build wheel: finished with status 'done'
  Preparing metadata (pyproject.toml): started
  Preparing metadata (pyproject.toml): finished with status 'done'
Collecting safetensors>=0.3.1 (from transformers==4.30.2->-r requirements.txt (line 3))
  Downloading safetensors-0.5.3-cp38-abi3-manylinux_2_17_x86_64.manylinux2014_x86_64.whl.metadata (3.8 kB)
Requirement already satisfied: tqdm>=4.27 in /ext3/miniconda3/lib/python3.12/site-packages (from transformers==4.30.2->-r requirements.txt (line 3)) (4.66.4)
Requirement already satisfied: typing-extensions>=4.10.0 in /ext3/miniconda3/lib/python3.12/site-packages (from torch->-r requirements.txt (line 1)) (4.13.2)
Requirement already satisfied: networkx in /ext3/miniconda3/lib/python3.12/site-packages (from torch->-r requirements.txt (line 1)) (3.4.2)
Requirement already satisfied: jinja2 in /ext3/miniconda3/lib/python3.12/site-packages (from torch->-r requirements.txt (line 1)) (3.1.6)
Requirement already satisfied: fsspec in /ext3/miniconda3/lib/python3.12/site-packages (from torch->-r requirements.txt (line 1)) (2025.3.2)
Requirement already satisfied: nvidia-cuda-nvrtc-cu12==12.4.127 in /ext3/miniconda3/lib/python3.12/site-packages (from torch->-r requirements.txt (line 1)) (12.4.127)
Requirement already satisfied: nvidia-cuda-runtime-cu12==12.4.127 in /ext3/miniconda3/lib/python3.12/site-packages (from torch->-r requirements.txt (line 1)) (12.4.127)
Requirement already satisfied: nvidia-cuda-cupti-cu12==12.4.127 in /ext3/miniconda3/lib/python3.12/site-packages (from torch->-r requirements.txt (line 1)) (12.4.127)
Requirement already satisfied: nvidia-cudnn-cu12==9.1.0.70 in /ext3/miniconda3/lib/python3.12/site-packages (from torch->-r requirements.txt (line 1)) (9.1.0.70)
Requirement already satisfied: nvidia-cublas-cu12==12.4.5.8 in /ext3/miniconda3/lib/python3.12/site-packages (from torch->-r requirements.txt (line 1)) (12.4.5.8)
Requirement already satisfied: nvidia-cufft-cu12==11.2.1.3 in /ext3/miniconda3/lib/python3.12/site-packages (from torch->-r requirements.txt (line 1)) (11.2.1.3)
Requirement already satisfied: nvidia-curand-cu12==10.3.5.147 in /ext3/miniconda3/lib/python3.12/site-packages (from torch->-r requirements.txt (line 1)) (10.3.5.147)
Requirement already satisfied: nvidia-cusolver-cu12==11.6.1.9 in /ext3/miniconda3/lib/python3.12/site-packages (from torch->-r requirements.txt (line 1)) (11.6.1.9)
Requirement already satisfied: nvidia-cusparse-cu12==12.3.1.170 in /ext3/miniconda3/lib/python3.12/site-packages (from torch->-r requirements.txt (line 1)) (12.3.1.170)
Requirement already satisfied: nvidia-cusparselt-cu12==0.6.2 in /ext3/miniconda3/lib/python3.12/site-packages (from torch->-r requirements.txt (line 1)) (0.6.2)
Requirement already satisfied: nvidia-nccl-cu12==2.21.5 in /ext3/miniconda3/lib/python3.12/site-packages (from torch->-r requirements.txt (line 1)) (2.21.5)
Requirement already satisfied: nvidia-nvtx-cu12==12.4.127 in /ext3/miniconda3/lib/python3.12/site-packages (from torch->-r requirements.txt (line 1)) (12.4.127)
Requirement already satisfied: nvidia-nvjitlink-cu12==12.4.127 in /ext3/miniconda3/lib/python3.12/site-packages (from torch->-r requirements.txt (line 1)) (12.4.127)
Requirement already satisfied: triton==3.2.0 in /ext3/miniconda3/lib/python3.12/site-packages (from torch->-r requirements.txt (line 1)) (3.2.0)
Requirement already satisfied: setuptools in /ext3/miniconda3/lib/python3.12/site-packages (from torch->-r requirements.txt (line 1)) (72.1.0)
Requirement already satisfied: sympy==1.13.1 in /ext3/miniconda3/lib/python3.12/site-packages (from torch->-r requirements.txt (line 1)) (1.13.1)
Requirement already satisfied: mpmath<1.4,>=1.1.0 in /ext3/miniconda3/lib/python3.12/site-packages (from sympy==1.13.1->torch->-r requirements.txt (line 1)) (1.3.0)
Collecting pillow!=8.3.*,>=5.3.0 (from torchvision->-r requirements.txt (line 2))
  Downloading pillow-11.2.1-cp312-cp312-manylinux_2_28_x86_64.whl.metadata (8.9 kB)
Requirement already satisfied: platformdirs>=3.5.1 in /ext3/miniconda3/lib/python3.12/site-packages (from yapf->-r requirements.txt (line 5)) (3.10.0)
Collecting contourpy>=1.0.7 (from supervision>=0.22.0->-r requirements.txt (line 9))
  Downloading contourpy-1.3.2-cp312-cp312-manylinux_2_17_x86_64.manylinux2014_x86_64.whl.metadata (5.5 kB)
Collecting defusedxml<0.8.0,>=0.7.1 (from supervision>=0.22.0->-r requirements.txt (line 9))
  Downloading defusedxml-0.7.1-py2.py3-none-any.whl.metadata (32 kB)
Collecting matplotlib>=3.6.0 (from supervision>=0.22.0->-r requirements.txt (line 9))
  Downloading matplotlib-3.10.1-cp312-cp312-manylinux_2_17_x86_64.manylinux2014_x86_64.whl.metadata (11 kB)
Collecting scipy<2.0.0,>=1.10.0 (from supervision>=0.22.0->-r requirements.txt (line 9))
  Downloading scipy-1.15.2-cp312-cp312-manylinux_2_17_x86_64.manylinux2014_x86_64.whl.metadata (61 kB)
Collecting cycler>=0.10 (from matplotlib>=3.6.0->supervision>=0.22.0->-r requirements.txt (line 9))
  Downloading cycler-0.12.1-py3-none-any.whl.metadata (3.8 kB)
Collecting fonttools>=4.22.0 (from matplotlib>=3.6.0->supervision>=0.22.0->-r requirements.txt (line 9))
  Downloading fonttools-4.57.0-cp312-cp312-manylinux_2_5_x86_64.manylinux1_x86_64.manylinux_2_17_x86_64.manylinux2014_x86_64.whl.metadata (102 kB)
Collecting kiwisolver>=1.3.1 (from matplotlib>=3.6.0->supervision>=0.22.0->-r requirements.txt (line 9))
  Downloading kiwisolver-1.4.8-cp312-cp312-manylinux_2_17_x86_64.manylinux2014_x86_64.whl.metadata (6.2 kB)
Collecting pyparsing>=2.3.1 (from matplotlib>=3.6.0->supervision>=0.22.0->-r requirements.txt (line 9))
  Downloading pyparsing-3.2.3-py3-none-any.whl.metadata (5.0 kB)
Collecting python-dateutil>=2.7 (from matplotlib>=3.6.0->supervision>=0.22.0->-r requirements.txt (line 9))
  Downloading python_dateutil-2.9.0.post0-py2.py3-none-any.whl.metadata (8.4 kB)
Requirement already satisfied: charset-normalizer<4,>=2 in /ext3/miniconda3/lib/python3.12/site-packages (from requests->transformers==4.30.2->-r requirements.txt (line 3)) (3.3.2)
Requirement already satisfied: idna<4,>=2.5 in /ext3/miniconda3/lib/python3.12/site-packages (from requests->transformers==4.30.2->-r requirements.txt (line 3)) (3.7)
Requirement already satisfied: urllib3<3,>=1.21.1 in /ext3/miniconda3/lib/python3.12/site-packages (from requests->transformers==4.30.2->-r requirements.txt (line 3)) (2.2.2)
Requirement already satisfied: certifi>=2017.4.17 in /ext3/miniconda3/lib/python3.12/site-packages (from requests->transformers==4.30.2->-r requirements.txt (line 3)) (2024.7.4)
Requirement already satisfied: MarkupSafe>=2.0 in /ext3/miniconda3/lib/python3.12/site-packages (from jinja2->torch->-r requirements.txt (line 1)) (3.0.2)
Collecting six>=1.5 (from python-dateutil>=2.7->matplotlib>=3.6.0->supervision>=0.22.0->-r requirements.txt (line 9))
  Downloading six-1.17.0-py2.py3-none-any.whl.metadata (1.7 kB)
Downloading transformers-4.30.2-py3-none-any.whl (7.2 MB)
   ━━━━━━━━━━━━━━━━━━━━━━━━━━━━━━━━━━━━━━━━ 7.2/7.2 MB 98.1 MB/s eta 0:00:00
Downloading torchvision-0.21.0-cp312-cp312-manylinux1_x86_64.whl (7.2 MB)
   ━━━━━━━━━━━━━━━━━━━━━━━━━━━━━━━━━━━━━━━━ 7.2/7.2 MB 198.3 MB/s eta 0:00:00
Downloading addict-2.4.0-py3-none-any.whl (3.8 kB)
Downloading yapf-0.43.0-py3-none-any.whl (256 kB)
Downloading timm-1.0.15-py3-none-any.whl (2.4 MB)
   ━━━━━━━━━━━━━━━━━━━━━━━━━━━━━━━━━━━━━━━━ 2.4/2.4 MB 454.2 MB/s eta 0:00:00
Downloading numpy-2.2.5-cp312-cp312-manylinux_2_17_x86_64.manylinux2014_x86_64.whl (16.1 MB)
   ━━━━━━━━━━━━━━━━━━━━━━━━━━━━━━━━━━━━━━━━ 16.1/16.1 MB 161.0 MB/s eta 0:00:00
Downloading opencv_python-4.11.0.86-cp37-abi3-manylinux_2_17_x86_64.manylinux2014_x86_64.whl (63.0 MB)
   ━━━━━━━━━━━━━━━━━━━━━━━━━━━━━━━━━━━━━━━━ 63.0/63.0 MB 189.7 MB/s eta 0:00:00
Downloading supervision-0.25.1-py3-none-any.whl (181 kB)
Downloading pycocotools-2.0.8-cp312-cp312-manylinux_2_17_x86_64.manylinux2014_x86_64.whl (443 kB)
Downloading contourpy-1.3.2-cp312-cp312-manylinux_2_17_x86_64.manylinux2014_x86_64.whl (323 kB)
Downloading defusedxml-0.7.1-py2.py3-none-any.whl (25 kB)
Downloading huggingface_hub-0.30.2-py3-none-any.whl (481 kB)
Downloading matplotlib-3.10.1-cp312-cp312-manylinux_2_17_x86_64.manylinux2014_x86_64.whl (8.6 MB)
   ━━━━━━━━━━━━━━━━━━━━━━━━━━━━━━━━━━━━━━━━ 8.6/8.6 MB 394.3 MB/s eta 0:00:00
Downloading pillow-11.2.1-cp312-cp312-manylinux_2_28_x86_64.whl (4.6 MB)
   ━━━━━━━━━━━━━━━━━━━━━━━━━━━━━━━━━━━━━━━━ 4.6/4.6 MB 370.4 MB/s eta 0:00:00
Downloading PyYAML-6.0.2-cp312-cp312-manylinux_2_17_x86_64.manylinux2014_x86_64.whl (767 kB)
   ━━━━━━━━━━━━━━━━━━━━━━━━━━━━━━━━━━━━━━━ 767.5/767.5 kB 679.7 MB/s eta 0:00:00
Downloading regex-2024.11.6-cp312-cp312-manylinux_2_17_x86_64.manylinux2014_x86_64.whl (796 kB)
   ━━━━━━━━━━━━━━━━━━━━━━━━━━━━━━━━━━━━━━━ 796.9/796.9 kB 717.0 MB/s eta 0:00:00
Downloading safetensors-0.5.3-cp38-abi3-manylinux_2_17_x86_64.manylinux2014_x86_64.whl (471 kB)
Downloading scipy-1.15.2-cp312-cp312-manylinux_2_17_x86_64.manylinux2014_x86_64.whl (37.3 MB)
   ━━━━━━━━━━━━━━━━━━━━━━━━━━━━━━━━━━━━━━━━ 37.3/37.3 MB 386.6 MB/s eta 0:00:00
Downloading cycler-0.12.1-py3-none-any.whl (8.3 kB)
Downloading fonttools-4.57.0-cp312-cp312-manylinux_2_5_x86_64.manylinux1_x86_64.manylinux_2_17_x86_64.manylinux2014_x86_64.whl (4.9 MB)
   ━━━━━━━━━━━━━━━━━━━━━━━━━━━━━━━━━━━━━━━━ 4.9/4.9 MB 397.7 MB/s eta 0:00:00
Downloading kiwisolver-1.4.8-cp312-cp312-manylinux_2_17_x86_64.manylinux2014_x86_64.whl (1.5 MB)
   ━━━━━━━━━━━━━━━━━━━━━━━━━━━━━━━━━━━━━━━━ 1.5/1.5 MB 191.0 MB/s eta 0:00:00
Downloading pyparsing-3.2.3-py3-none-any.whl (111 kB)
Downloading python_dateutil-2.9.0.post0-py2.py3-none-any.whl (229 kB)
Downloading six-1.17.0-py2.py3-none-any.whl (11 kB)
Building wheels for collected packages: tokenizers
  Building wheel for tokenizers (pyproject.toml): started
  Building wheel for tokenizers (pyproject.toml): finished with status 'error'
  error: subprocess-exited-with-error
  
  × Building wheel for tokenizers (pyproject.toml) did not run successfully.
  │ exit code: 1
  ╰─> [62 lines of output]
      /state/partition1/job-59536354/pip-build-env-c1u2p26d/overlay/lib/python3.12/site-packages/setuptools/dist.py:759: SetuptoolsDeprecationWarning: License classifiers are deprecated.
      !!
      
              ********************************************************************************
              Please consider removing the following classifiers in favor of a SPDX license expression:
      
              License :: OSI Approved :: Apache Software License
      
              See https://packaging.python.org/en/latest/guides/writing-pyproject-toml/#license for details.
              ********************************************************************************
      
      !!
        self._finalize_license_expression()
      running bdist_wheel
      running build
      running build_py
      creating build/lib.linux-x86_64-cpython-312/tokenizers
      copying py_src/tokenizers/__init__.py -> build/lib.linux-x86_64-cpython-312/tokenizers
      creating build/lib.linux-x86_64-cpython-312/tokenizers/models
      copying py_src/tokenizers/models/__init__.py -> build/lib.linux-x86_64-cpython-312/tokenizers/models
      creating build/lib.linux-x86_64-cpython-312/tokenizers/decoders
      copying py_src/tokenizers/decoders/__init__.py -> build/lib.linux-x86_64-cpython-312/tokenizers/decoders
      creating build/lib.linux-x86_64-cpython-312/tokenizers/normalizers
      copying py_src/tokenizers/normalizers/__init__.py -> build/lib.linux-x86_64-cpython-312/tokenizers/normalizers
      creating build/lib.linux-x86_64-cpython-312/tokenizers/pre_tokenizers
      copying py_src/tokenizers/pre_tokenizers/__init__.py -> build/lib.linux-x86_64-cpython-312/tokenizers/pre_tokenizers
      creating build/lib.linux-x86_64-cpython-312/tokenizers/processors
      copying py_src/tokenizers/processors/__init__.py -> build/lib.linux-x86_64-cpython-312/tokenizers/processors
      creating build/lib.linux-x86_64-cpython-312/tokenizers/trainers
      copying py_src/tokenizers/trainers/__init__.py -> build/lib.linux-x86_64-cpython-312/tokenizers/trainers
      creating build/lib.linux-x86_64-cpython-312/tokenizers/implementations
      copying py_src/tokenizers/implementations/__init__.py -> build/lib.linux-x86_64-cpython-312/tokenizers/implementations
      copying py_src/tokenizers/implementations/base_tokenizer.py -> build/lib.linux-x86_64-cpython-312/tokenizers/implementations
      copying py_src/tokenizers/implementations/bert_wordpiece.py -> build/lib.linux-x86_64-cpython-312/tokenizers/implementations
      copying py_src/tokenizers/implementations/byte_level_bpe.py -> build/lib.linux-x86_64-cpython-312/tokenizers/implementations
      copying py_src/tokenizers/implementations/char_level_bpe.py -> build/lib.linux-x86_64-cpython-312/tokenizers/implementations
      copying py_src/tokenizers/implementations/sentencepiece_bpe.py -> build/lib.linux-x86_64-cpython-312/tokenizers/implementations
      copying py_src/tokenizers/implementations/sentencepiece_unigram.py -> build/lib.linux-x86_64-cpython-312/tokenizers/implementations
      creating build/lib.linux-x86_64-cpython-312/tokenizers/tools
      copying py_src/tokenizers/tools/__init__.py -> build/lib.linux-x86_64-cpython-312/tokenizers/tools
      copying py_src/tokenizers/tools/visualizer.py -> build/lib.linux-x86_64-cpython-312/tokenizers/tools
      copying py_src/tokenizers/__init__.pyi -> build/lib.linux-x86_64-cpython-312/tokenizers
      copying py_src/tokenizers/models/__init__.pyi -> build/lib.linux-x86_64-cpython-312/tokenizers/models
      copying py_src/tokenizers/decoders/__init__.pyi -> build/lib.linux-x86_64-cpython-312/tokenizers/decoders
      copying py_src/tokenizers/normalizers/__init__.pyi -> build/lib.linux-x86_64-cpython-312/tokenizers/normalizers
      copying py_src/tokenizers/pre_tokenizers/__init__.pyi -> build/lib.linux-x86_64-cpython-312/tokenizers/pre_tokenizers
      copying py_src/tokenizers/processors/__init__.pyi -> build/lib.linux-x86_64-cpython-312/tokenizers/processors
      copying py_src/tokenizers/trainers/__init__.pyi -> build/lib.linux-x86_64-cpython-312/tokenizers/trainers
      copying py_src/tokenizers/tools/visualizer-styles.css -> build/lib.linux-x86_64-cpython-312/tokenizers/tools
      running build_ext
      running build_rust
      error: can't find Rust compiler
      
      If you are using an outdated pip version, it is possible a prebuilt wheel is available for this package but pip is not able to install from it. Installing from the wheel would avoid the need for a Rust compiler.
      
      To update pip, run:
      
          pip install --upgrade pip
      
      and then retry package installation.
      
      If you did intend to build this package from source, try installing a Rust compiler from your system package manager and ensure it is on the PATH during installation. Alternatively, rustup (available at https://rustup.rs) is the recommended way to download and update the Rust compiler toolchain.
      [end of output]
  
  note: This error originates from a subprocess, and is likely not a problem with pip.
  ERROR: Failed building wheel for tokenizers
Failed to build tokenizers
ERROR: ERROR: Failed to build installable wheels for some pyproject.toml based projects (tokenizers)
